<?xml version="1.0" encoding="UTF-8"?>
<!-- Generated by org.testng.reporters.JUnitReportReporter -->
<testsuite hostname="DESKTOP-G3QRQBE" failures="0" tests="4" name="testclasses.HeaderTest" time="3.869" errors="0" timestamp="2024-01-16T12:50:38 IST" skipped="0">
  <testcase classname="testclasses.HeaderTest" name="entaratext" time="0.355"/>
  <system-out/>
  <testcase classname="testclasses.HeaderTest" name="cookiesbannar" time="0.170"/>
  <system-out/>
  <testcase classname="testclasses.HeaderTest" name="videobutton" time="0.521"/>
  <system-out/>
  <testcase classname="testclasses.HeaderTest" name="closebutton" time="2.823"/>
  <system-out/>
</testsuite> <!-- testclasses.HeaderTest -->
