<?xml version="1.0" encoding="UTF-8"?>
<!-- Generated by org.testng.reporters.JUnitReportReporter -->
<testsuite hostname="DESKTOP-G3QRQBE" failures="0" tests="3" name="testclasses.WatchDemoTest" time="14.285" errors="0" timestamp="2024-01-16T12:50:38 IST" skipped="0">
  <testcase classname="testclasses.WatchDemoTest" name="demo" time="9.169"/>
  <system-out/>
  <testcase classname="testclasses.WatchDemoTest" name="enterData" time="2.133"/>
  <system-out/>
  <testcase classname="testclasses.WatchDemoTest" name="backStep" time="2.983"/>
  <system-out/>
</testsuite> <!-- testclasses.WatchDemoTest -->
