<?xml version="1.0" encoding="UTF-8"?>
<!-- Generated by org.testng.reporters.JUnitReportReporter -->
<testsuite hostname="DESKTOP-G3QRQBE" failures="0" tests="2" name="testclasses.SolutionTest" time="0.277" errors="0" timestamp="2024-01-15T11:32:02 IST" skipped="0">
  <testcase classname="testclasses.SolutionTest" name="solutionButton" time="0.194"/>
  <system-out/>
  <testcase classname="testclasses.SolutionTest" name="allSolutions" time="0.083"/>
  <system-out/>
</testsuite> <!-- testclasses.SolutionTest -->
