<?xml version="1.0" encoding="UTF-8"?>
<!-- Generated by org.testng.reporters.JUnitReportReporter -->
<testsuite hostname="DESKTOP-G3QRQBE" failures="0" tests="3" name="testclasses.WatchDemoTest" time="13.689" errors="0" timestamp="2024-01-15T11:32:02 IST" skipped="0">
  <testcase classname="testclasses.WatchDemoTest" name="demo" time="10.027"/>
  <system-out/>
  <testcase classname="testclasses.WatchDemoTest" name="enterData" time="1.708"/>
  <system-out/>
  <testcase classname="testclasses.WatchDemoTest" name="backStep" time="1.954"/>
  <system-out/>
</testsuite> <!-- testclasses.WatchDemoTest -->
