<?xml version="1.0" encoding="UTF-8"?>
<!-- Generated by org.testng.reporters.JUnitReportReporter -->
<testsuite hostname="DESKTOP-G3QRQBE" failures="0" tests="4" name="testclasses.HeaderTest" time="2.814" errors="0" timestamp="2024-01-15T11:32:02 IST" skipped="0">
  <testcase classname="testclasses.HeaderTest" name="entaratext" time="0.329"/>
  <system-out/>
  <testcase classname="testclasses.HeaderTest" name="cookiesbannar" time="0.109"/>
  <system-out/>
  <testcase classname="testclasses.HeaderTest" name="videobutton" time="0.089"/>
  <system-out/>
  <testcase classname="testclasses.HeaderTest" name="closebutton" time="2.287"/>
  <system-out/>
</testsuite> <!-- testclasses.HeaderTest -->
