<?xml version="1.0" encoding="UTF-8"?>
<!-- Generated by org.testng.reporters.JUnitReportReporter -->
<testsuite hostname="DESKTOP-G3QRQBE" failures="0" tests="2" name="testclasses.ProductsTest" time="0.575" errors="0" timestamp="2024-01-15T11:32:02 IST" skipped="0">
  <testcase classname="testclasses.ProductsTest" name="verifyTitle" time="0.274"/>
  <system-out/>
  <testcase classname="testclasses.ProductsTest" name="Products" time="0.301"/>
  <system-out/>
</testsuite> <!-- testclasses.ProductsTest -->
