<?xml version="1.0" encoding="UTF-8"?>
<!-- Generated by org.testng.reporters.JUnitReportReporter -->
<testsuite hostname="DESKTOP-G3QRQBE" failures="0" tests="2" name="testclasses.ProductsTest" time="0.409" errors="0" timestamp="2024-01-16T12:50:38 IST" skipped="0">
  <testcase classname="testclasses.ProductsTest" name="verifyTitle" time="0.100"/>
  <system-out/>
  <testcase classname="testclasses.ProductsTest" name="Products" time="0.309"/>
  <system-out/>
</testsuite> <!-- testclasses.ProductsTest -->
