<?xml version="1.0" encoding="UTF-8"?>
<!-- Generated by org.testng.reporters.JUnitReportReporter -->
<testsuite hostname="DESKTOP-G3QRQBE" failures="0" tests="2" name="testclasses.SolutionTest" time="0.869" errors="0" timestamp="2024-01-16T12:50:38 IST" skipped="0">
  <testcase classname="testclasses.SolutionTest" name="solutionButton" time="0.513"/>
  <system-out/>
  <testcase classname="testclasses.SolutionTest" name="allSolutions" time="0.356"/>
  <system-out/>
</testsuite> <!-- testclasses.SolutionTest -->
